# JRE version: OpenJDK Runtime Environment (17.0.10) (build 17.0.10+0--11572160)
# Java VM: OpenJDK 64-Bit Server VM (17.0.10+0--11572160, mixed mode, tiered, compressed oops, compressed class ptrs, g1 gc, windows-amd64)
GC Precious Log:
 CPUs: 8 total, 8 available
 Memory: 6030M
 Large Page Support: Disabled
 NUMA Support: Disabled
 Compressed Oops: Enabled (32-bit)
 Heap Region Size: 1M
 Heap Min Capacity: 8M
 Heap Initial Capacity: 96M
 Heap Max Capacity: 2G
 Pre-touch: Disabled
 Parallel Workers: 8
 Concurrent Workers: 2
 Concurrent Refinement Workers: 8
 Periodic GC: Disabled
Heap:
 garbage-first heap   total 202752K, used 125774K [0x0000000080000000, 0x0000000100000000)
  region size 1024K, 10 young (10240K), 7 survivors (7168K)
 Metaspace       used 119348K, committed 119936K, reserved 1179648K
  class space    used 15423K, committed 15680K, reserved 1048576K
GC Heap History (20 events):
Event: 22.727 GC heap before
{Heap before GC invocations=29 (full 0):
 garbage-first heap   total 165888K, used 135201K [0x0000000080000000, 0x0000000100000000)
  region size 1024K, 68 young (69632K), 6 survivors (6144K)
 Metaspace       used 106692K, committed 107200K, reserved 1179648K
  class space    used 13648K, committed 13888K, reserved 1048576K
}
Event: 22.735 GC heap after
{Heap after GC invocations=30 (full 0):
 garbage-first heap   total 165888K, used 77136K [0x0000000080000000, 0x0000000100000000)
  region size 1024K, 9 young (9216K), 9 survivors (9216K)
 Metaspace       used 106692K, committed 107200K, reserved 1179648K
  class space    used 13648K, committed 13888K, reserved 1048576K
}
Event: 23.648 GC heap before
{Heap before GC invocations=30 (full 0):
 garbage-first heap   total 165888K, used 131408K [0x0000000080000000, 0x0000000100000000)
  region size 1024K, 62 young (63488K), 9 survivors (9216K)
 Metaspace       used 107720K, committed 108224K, reserved 1179648K
  class space    used 13730K, committed 13952K, reserved 1048576K
}
Event: 23.658 GC heap after
{Heap after GC invocations=31 (full 0):
 garbage-first heap   total 165888K, used 80972K [0x0000000080000000, 0x0000000100000000)
  region size 1024K, 7 young (7168K), 7 survivors (7168K)
 Metaspace       used 107720K, committed 108224K, reserved 1179648K
  class space    used 13730K, committed 13952K, reserved 1048576K
}
Event: 25.160 GC heap before
{Heap before GC invocations=31 (full 0):
 garbage-first heap   total 165888K, used 132172K [0x0000000080000000, 0x0000000100000000)
  region size 1024K, 57 young (58368K), 7 survivors (7168K)
 Metaspace       used 113984K, committed 114560K, reserved 1179648K
  class space    used 14706K, committed 14976K, reserved 1048576K
}
Event: 25.167 GC heap after
{Heap after GC invocations=32 (full 0):
 garbage-first heap   total 165888K, used 83923K [0x0000000080000000, 0x0000000100000000)
  region size 1024K, 4 young (4096K), 4 survivors (4096K)
 Metaspace       used 113984K, committed 114560K, reserved 1179648K
  class space    used 14706K, committed 14976K, reserved 1048576K
}
Event: 26.858 GC heap before
{Heap before GC invocations=33 (full 0):
 garbage-first heap   total 165888K, used 134099K [0x0000000080000000, 0x0000000100000000)
  region size 1024K, 53 young (54272K), 4 survivors (4096K)
 Metaspace       used 117463K, committed 118016K, reserved 1179648K
  class space    used 15250K, committed 15488K, reserved 1048576K
}
Event: 26.867 GC heap after
{Heap after GC invocations=34 (full 0):
 garbage-first heap   total 165888K, used 89497K [0x0000000080000000, 0x0000000100000000)
  region size 1024K, 7 young (7168K), 7 survivors (7168K)
 Metaspace       used 117463K, committed 118016K, reserved 1179648K
  class space    used 15250K, committed 15488K, reserved 1048576K
}
Event: 26.877 GC heap before
{Heap before GC invocations=34 (full 0):
 garbage-first heap   total 165888K, used 89497K [0x0000000080000000, 0x0000000100000000)
  region size 1024K, 8 young (8192K), 7 survivors (7168K)
 Metaspace       used 117470K, committed 118016K, reserved 1179648K
  class space    used 15250K, committed 15488K, reserved 1048576K
}
Event: 26.884 GC heap after
{Heap after GC invocations=35 (full 0):
 garbage-first heap   total 165888K, used 85863K [0x0000000080000000, 0x0000000100000000)
  region size 1024K, 1 young (1024K), 1 survivors (1024K)
 Metaspace       used 117470K, committed 118016K, reserved 1179648K
  class space    used 15250K, committed 15488K, reserved 1048576K
}
Event: 27.588 GC heap before
{Heap before GC invocations=35 (full 0):
 garbage-first heap   total 165888K, used 138087K [0x0000000080000000, 0x0000000100000000)
  region size 1024K, 48 young (49152K), 1 survivors (1024K)
 Metaspace       used 118103K, committed 118656K, reserved 1179648K
  class space    used 15323K, committed 15552K, reserved 1048576K
}
Event: 27.597 GC heap after
{Heap after GC invocations=36 (full 0):
 garbage-first heap   total 165888K, used 95382K [0x0000000080000000, 0x0000000100000000)
  region size 1024K, 6 young (6144K), 6 survivors (6144K)
 Metaspace       used 118103K, committed 118656K, reserved 1179648K
  class space    used 15323K, committed 15552K, reserved 1048576K
}
Event: 28.009 GC heap before
{Heap before GC invocations=37 (full 0):
 garbage-first heap   total 168960K, used 135318K [0x0000000080000000, 0x0000000100000000)
  region size 1024K, 42 young (43008K), 6 survivors (6144K)
 Metaspace       used 118105K, committed 118656K, reserved 1179648K
  class space    used 15323K, committed 15552K, reserved 1048576K
}
Event: 28.022 GC heap after
{Heap after GC invocations=38 (full 0):
 garbage-first heap   total 168960K, used 102692K [0x0000000080000000, 0x0000000100000000)
  region size 1024K, 6 young (6144K), 6 survivors (6144K)
 Metaspace       used 118105K, committed 118656K, reserved 1179648K
  class space    used 15323K, committed 15552K, reserved 1048576K
}
Event: 28.033 GC heap before
{Heap before GC invocations=38 (full 0):
 garbage-first heap   total 168960K, used 104740K [0x0000000080000000, 0x0000000100000000)
  region size 1024K, 8 young (8192K), 6 survivors (6144K)
 Metaspace       used 118105K, committed 118656K, reserved 1179648K
  class space    used 15323K, committed 15552K, reserved 1048576K
}
Event: 28.041 GC heap after
{Heap after GC invocations=39 (full 0):
 garbage-first heap   total 202752K, used 93184K [0x0000000080000000, 0x0000000100000000)
  region size 1024K, 1 young (1024K), 1 survivors (1024K)
 Metaspace       used 118105K, committed 118656K, reserved 1179648K
  class space    used 15323K, committed 15552K, reserved 1048576K
}
Event: 28.736 GC heap before
{Heap before GC invocations=39 (full 0):
 garbage-first heap   total 202752K, used 163840K [0x0000000080000000, 0x0000000100000000)
  region size 1024K, 60 young (61440K), 1 survivors (1024K)
 Metaspace       used 118262K, committed 118848K, reserved 1179648K
  class space    used 15326K, committed 15616K, reserved 1048576K
}
Event: 28.744 GC heap after
{Heap after GC invocations=40 (full 0):
 garbage-first heap   total 202752K, used 112586K [0x0000000080000000, 0x0000000100000000)
  region size 1024K, 8 young (8192K), 8 survivors (8192K)
 Metaspace       used 118262K, committed 118848K, reserved 1179648K
  class space    used 15326K, committed 15616K, reserved 1048576K
}
Event: 30.598 GC heap before
{Heap before GC invocations=40 (full 0):
 garbage-first heap   total 202752K, used 162762K [0x0000000080000000, 0x0000000100000000)
  region size 1024K, 53 young (54272K), 8 survivors (8192K)
 Metaspace       used 119285K, committed 119872K, reserved 1179648K
  class space    used 15416K, committed 15680K, reserved 1048576K
}
Event: 30.609 GC heap after
{Heap after GC invocations=41 (full 0):
 garbage-first heap   total 202752K, used 122702K [0x0000000080000000, 0x0000000100000000)
  region size 1024K, 7 young (7168K), 7 survivors (7168K)
 Metaspace       used 119285K, committed 119872K, reserved 1179648K
  class space    used 15416K, committed 15680K, reserved 1048576K
}

